<?xml version="1.0" encoding="UTF-8"?>
<robot generator="Robot 7.2.2 (Python 3.13.3 on win32)" generated="2025-04-21T12:47:38.785972" rpa="false" schemaversion="5">
<suite id="s1" name="Login" source="c:\Users\tahuu\robot-ai-devops-framework\testsuites\login.robot">
<kw name="Open Chrome Browser" owner="common_keywords" type="SETUP">
<kw name="Open Browser" owner="SeleniumLibrary">
<msg time="2025-04-21T12:47:39.850623" level="INFO">Opening browser 'chrome' to base url 'about:blank'.</msg>
<arg>about:blank</arg>
<arg>chrome</arg>
<doc>Opens a new browser instance to the optional ``url``.</doc>
<status status="PASS" start="2025-04-21T12:47:39.850233" elapsed="2.123140"/>
</kw>
<kw name="Maximize Browser Window" owner="SeleniumLibrary">
<doc>Maximizes current browser window.</doc>
<status status="PASS" start="2025-04-21T12:47:41.974174" elapsed="0.051956"/>
</kw>
<status status="PASS" start="2025-04-21T12:47:39.849284" elapsed="2.177376"/>
</kw>
<test id="s1-t1" name="L_1" line="9">
<kw name="Run Horizontal Test From Excel" owner="excel_keywords">
<kw name="getUrl" owner="common_keywords">
<kw name="Go To" owner="SeleniumLibrary">
<msg time="2025-04-21T12:47:42.164705" level="INFO">Opening url 'https://cms.anhtester.com/users/login'</msg>
<arg>${url}</arg>
<doc>Navigates the current browser window to the provided ``url``.</doc>
<status status="PASS" start="2025-04-21T12:47:42.164082" elapsed="0.482216"/>
</kw>
<kw name="Sleep" owner="BuiltIn">
<msg time="2025-04-21T12:47:47.648993" level="INFO">Slept 5 seconds.</msg>
<arg>${DELAY_SLOW}</arg>
<doc>Pauses the test executed for the given time.</doc>
<status status="PASS" start="2025-04-21T12:47:42.646916" elapsed="5.007404"/>
</kw>
<arg>https://cms.anhtester.com/users/login</arg>
<status status="PASS" start="2025-04-21T12:47:42.163122" elapsed="5.492251"/>
</kw>
<kw name="clickButton" owner="common_keywords">
<kw name="clickButton" owner="common_keywords">
<kw name="clickButton" owner="common_keywords">
<kw name="clickButton" owner="common_keywords">
<kw name="clickButton" owner="common_keywords">
<kw name="clickButton" owner="common_keywords">
<kw name="clickButton" owner="common_keywords">
<kw name="clickButton" owner="common_keywords">
<kw name="clickButton" owner="common_keywords">
<kw name="clickButton" owner="common_keywords">
<kw name="clickButton" owner="common_keywords">
<kw name="clickButton" owner="common_keywords">
<kw name="clickButton" owner="common_keywords">
<kw name="clickButton" owner="common_keywords">
<kw name="clickButton" owner="common_keywords">
<kw name="clickButton" owner="common_keywords">
<kw name="clickButton" owner="common_keywords">
<kw name="clickButton" owner="common_keywords">
<kw name="clickButton" owner="common_keywords">
<kw name="clickButton" owner="common_keywords">
<kw name="clickButton" owner="common_keywords">
<kw name="clickButton" owner="common_keywords">
<kw name="clickButton" owner="common_keywords">
<kw name="clickButton" owner="common_keywords">
<kw name="clickButton" owner="common_keywords">
<kw name="clickButton" owner="common_keywords">
<kw name="clickButton" owner="common_keywords">
<kw name="clickButton" owner="common_keywords">
<kw name="clickButton" owner="common_keywords">
<kw name="clickButton" owner="common_keywords">
<kw name="clickButton" owner="common_keywords">
<kw name="clickButton" owner="common_keywords">
<kw name="clickButton" owner="common_keywords">
<kw name="clickButton" owner="common_keywords">
<kw name="clickButton" owner="common_keywords">
<kw name="clickButton" owner="common_keywords">
<kw name="clickButton" owner="common_keywords">
<kw name="clickButton" owner="common_keywords">
<kw name="clickButton" owner="common_keywords">
<kw name="clickButton" owner="common_keywords">
<kw name="clickButton" owner="common_keywords">
<kw name="clickButton" owner="common_keywords">
<kw name="clickButton" owner="common_keywords">
<kw name="clickButton" owner="common_keywords">
<kw name="clickButton" owner="common_keywords">
<kw name="clickButton" owner="common_keywords">
<kw name="clickButton" owner="common_keywords">
<kw name="clickButton" owner="common_keywords">
<kw name="clickButton" owner="common_keywords">
<kw name="clickButton" owner="common_keywords">
<kw name="clickButton" owner="common_keywords">
<kw name="clickButton" owner="common_keywords">
<kw name="clickButton" owner="common_keywords">
<kw name="clickButton" owner="common_keywords">
<kw name="clickButton" owner="common_keywords">
<kw name="clickButton" owner="common_keywords">
<kw name="clickButton" owner="common_keywords">
<kw name="clickButton" owner="common_keywords">
<kw name="clickButton" owner="common_keywords">
<kw name="clickButton" owner="common_keywords">
<kw name="clickButton" owner="common_keywords">
<kw name="clickButton" owner="common_keywords">
<kw name="clickButton" owner="common_keywords">
<kw name="clickButton" owner="common_keywords">
<kw name="clickButton" owner="common_keywords">
<kw name="clickButton" owner="common_keywords">
<kw name="clickButton" owner="common_keywords">
<kw name="clickButton" owner="common_keywords">
<kw name="clickButton" owner="common_keywords">
<kw name="clickButton" owner="common_keywords">
<kw name="clickButton" owner="common_keywords">
<kw name="clickButton" owner="common_keywords">
<kw name="clickButton" owner="common_keywords">
<kw name="clickButton" owner="common_keywords">
<kw name="clickButton" owner="common_keywords">
<kw name="clickButton" owner="common_keywords">
<kw name="clickButton" owner="common_keywords">
<kw name="clickButton" owner="common_keywords">
<kw name="clickButton" owner="common_keywords">
<kw name="clickButton" owner="common_keywords">
<kw name="clickButton" owner="common_keywords">
<kw name="clickButton" owner="common_keywords">
<kw name="clickButton" owner="common_keywords">
<kw name="clickButton" owner="common_keywords">
<kw name="clickButton" owner="common_keywords">
<kw name="clickButton" owner="common_keywords">
<kw name="clickButton" owner="common_keywords">
<kw name="clickButton" owner="common_keywords">
<kw name="clickButton" owner="common_keywords">
<kw name="clickButton" owner="common_keywords">
<kw name="clickButton" owner="common_keywords">
<kw name="clickButton" owner="common_keywords">
<kw name="clickButton" owner="common_keywords">
<kw name="clickButton" owner="common_keywords">
<kw name="clickButton" owner="common_keywords">
<kw name="clickButton" owner="common_keywords">
<kw name="clickButton" owner="common_keywords">
<kw name="clickButton" owner="common_keywords">
<kw name="clickButton" owner="common_keywords">
<kw name="clickButton" owner="common_keywords">
<kw name="clickButton" owner="common_keywords">
<kw name="clickButton" owner="common_keywords">
<kw name="clickButton" owner="common_keywords">
<kw name="clickButton" owner="common_keywords">
<kw name="clickButton" owner="common_keywords">
<kw name="clickButton" owner="common_keywords">
<kw name="clickButton" owner="common_keywords">
<kw name="clickButton" owner="common_keywords">
<kw name="clickButton" owner="common_keywords">
<kw name="clickButton" owner="common_keywords">
<kw name="clickButton" owner="common_keywords">
<kw name="clickButton" owner="common_keywords">
<kw name="clickButton" owner="common_keywords">
<kw name="clickButton" owner="common_keywords">
<kw name="clickButton" owner="common_keywords">
<kw name="clickButton" owner="common_keywords">
<kw name="clickButton" owner="common_keywords">
<kw name="clickButton" owner="common_keywords">
<kw name="clickButton" owner="common_keywords">
<kw name="clickButton" owner="common_keywords">
<kw name="clickButton" owner="common_keywords">
<kw name="clickButton" owner="common_keywords">
<kw name="clickButton" owner="common_keywords">
<kw name="clickButton" owner="common_keywords">
<kw name="clickButton" owner="common_keywords">
<kw name="clickButton" owner="common_keywords">
<kw name="clickButton" owner="common_keywords">
<kw name="clickButton" owner="common_keywords">
<kw name="clickButton" owner="common_keywords">
<kw name="clickButton" owner="common_keywords">
<kw name="clickButton" owner="common_keywords">
<kw name="clickButton" owner="common_keywords">
<kw name="clickButton" owner="common_keywords">
<kw name="clickButton" owner="common_keywords">
<kw name="clickButton" owner="common_keywords">
<kw name="clickButton" owner="common_keywords">
<kw name="clickButton" owner="common_keywords">
<kw name="clickButton" owner="common_keywords">
<kw name="clickButton" owner="common_keywords">
<kw name="clickButton" owner="common_keywords">
<kw name="clickButton" owner="common_keywords">
<kw name="clickButton" owner="common_keywords">
<kw name="clickButton" owner="common_keywords">
<kw name="clickButton" owner="common_keywords">
<kw name="clickButton" owner="common_keywords">
<kw name="clickButton" owner="common_keywords">
<msg time="2025-04-21T12:47:47.781374" level="FAIL">Recursive execution stopped.</msg>
<arg>${locator}</arg>
<status status="FAIL" start="2025-04-21T12:47:47.780444" elapsed="0.007493">Recursive execution stopped.</status>
</kw>
<kw name="Sleep" owner="BuiltIn">
<arg>${DELAY_MEDIUM}</arg>
<doc>Pauses the test executed for the given time.</doc>
<status status="NOT RUN" start="2025-04-21T12:47:47.789077" elapsed="0.000549"/>
</kw>
<arg>${locator}</arg>
<status status="FAIL" start="2025-04-21T12:47:47.779829" elapsed="0.012230">Recursive execution stopped.</status>
</kw>
<kw name="Sleep" owner="BuiltIn">
<arg>${DELAY_MEDIUM}</arg>
<doc>Pauses the test executed for the given time.</doc>
<status status="NOT RUN" start="2025-04-21T12:47:47.793745" elapsed="0.000386"/>
</kw>
<arg>${locator}</arg>
<status status="FAIL" start="2025-04-21T12:47:47.779203" elapsed="0.016374">Recursive execution stopped.</status>
</kw>
<kw name="Sleep" owner="BuiltIn">
<arg>${DELAY_MEDIUM}</arg>
<doc>Pauses the test executed for the given time.</doc>
<status status="NOT RUN" start="2025-04-21T12:47:47.796821" elapsed="0.000287"/>
</kw>
<arg>${locator}</arg>
<status status="FAIL" start="2025-04-21T12:47:47.778616" elapsed="0.019508">Recursive execution stopped.</status>
</kw>
<kw name="Sleep" owner="BuiltIn">
<arg>${DELAY_MEDIUM}</arg>
<doc>Pauses the test executed for the given time.</doc>
<status status="NOT RUN" start="2025-04-21T12:47:47.800977" elapsed="0.000338"/>
</kw>
<arg>${locator}</arg>
<status status="FAIL" start="2025-04-21T12:47:47.777966" elapsed="0.024772">Recursive execution stopped.</status>
</kw>
<kw name="Sleep" owner="BuiltIn">
<arg>${DELAY_MEDIUM}</arg>
<doc>Pauses the test executed for the given time.</doc>
<status status="NOT RUN" start="2025-04-21T12:47:47.803629" elapsed="0.000680"/>
</kw>
<arg>${locator}</arg>
<status status="FAIL" start="2025-04-21T12:47:47.777158" elapsed="0.036026">Recursive execution stopped.</status>
</kw>
<kw name="Sleep" owner="BuiltIn">
<arg>${DELAY_MEDIUM}</arg>
<doc>Pauses the test executed for the given time.</doc>
<status status="NOT RUN" start="2025-04-21T12:47:47.814246" elapsed="0.000315"/>
</kw>
<arg>${locator}</arg>
<status status="FAIL" start="2025-04-21T12:47:47.776110" elapsed="0.039405">Recursive execution stopped.</status>
</kw>
<kw name="Sleep" owner="BuiltIn">
<arg>${DELAY_MEDIUM}</arg>
<doc>Pauses the test executed for the given time.</doc>
<status status="NOT RUN" start="2025-04-21T12:47:47.817583" elapsed="0.000529"/>
</kw>
<arg>${locator}</arg>
<status status="FAIL" start="2025-04-21T12:47:47.775222" elapsed="0.044244">Recursive execution stopped.</status>
</kw>
<kw name="Sleep" owner="BuiltIn">
<arg>${DELAY_MEDIUM}</arg>
<doc>Pauses the test executed for the given time.</doc>
<status status="NOT RUN" start="2025-04-21T12:47:47.820544" elapsed="0.000472"/>
</kw>
<arg>${locator}</arg>
<status status="FAIL" start="2025-04-21T12:47:47.774189" elapsed="0.047435">Recursive execution stopped.</status>
</kw>
<kw name="Sleep" owner="BuiltIn">
<arg>${DELAY_MEDIUM}</arg>
<doc>Pauses the test executed for the given time.</doc>
<status status="NOT RUN" start="2025-04-21T12:47:47.822089" elapsed="0.000235"/>
</kw>
<arg>${locator}</arg>
<status status="FAIL" start="2025-04-21T12:47:47.772954" elapsed="0.050146">Recursive execution stopped.</status>
</kw>
<kw name="Sleep" owner="BuiltIn">
<arg>${DELAY_MEDIUM}</arg>
<doc>Pauses the test executed for the given time.</doc>
<status status="NOT RUN" start="2025-04-21T12:47:47.823662" elapsed="0.000300"/>
</kw>
<arg>${locator}</arg>
<status status="FAIL" start="2025-04-21T12:47:47.772078" elapsed="0.053091">Recursive execution stopped.</status>
</kw>
<kw name="Sleep" owner="BuiltIn">
<arg>${DELAY_MEDIUM}</arg>
<doc>Pauses the test executed for the given time.</doc>
<status status="NOT RUN" start="2025-04-21T12:47:47.826248" elapsed="0.000242"/>
</kw>
<arg>${locator}</arg>
<status status="FAIL" start="2025-04-21T12:47:47.771185" elapsed="0.055886">Recursive execution stopped.</status>
</kw>
<kw name="Sleep" owner="BuiltIn">
<arg>${DELAY_MEDIUM}</arg>
<doc>Pauses the test executed for the given time.</doc>
<status status="NOT RUN" start="2025-04-21T12:47:47.828147" elapsed="0.000251"/>
</kw>
<arg>${locator}</arg>
<status status="FAIL" start="2025-04-21T12:47:47.770287" elapsed="0.059397">Recursive execution stopped.</status>
</kw>
<kw name="Sleep" owner="BuiltIn">
<arg>${DELAY_MEDIUM}</arg>
<doc>Pauses the test executed for the given time.</doc>
<status status="NOT RUN" start="2025-04-21T12:47:47.830915" elapsed="0.000272"/>
</kw>
<arg>${locator}</arg>
<status status="FAIL" start="2025-04-21T12:47:47.769410" elapsed="0.063215">Recursive execution stopped.</status>
</kw>
<kw name="Sleep" owner="BuiltIn">
<arg>${DELAY_MEDIUM}</arg>
<doc>Pauses the test executed for the given time.</doc>
<status status="NOT RUN" start="2025-04-21T12:47:47.834938" elapsed="0.000394"/>
</kw>
<arg>${locator}</arg>
<status status="FAIL" start="2025-04-21T12:47:47.768433" elapsed="0.068186">Recursive execution stopped.</status>
</kw>
<kw name="Sleep" owner="BuiltIn">
<arg>${DELAY_MEDIUM}</arg>
<doc>Pauses the test executed for the given time.</doc>
<status status="NOT RUN" start="2025-04-21T12:47:47.838729" elapsed="0.000318"/>
</kw>
<arg>${locator}</arg>
<status status="FAIL" start="2025-04-21T12:47:47.764518" elapsed="0.075803">Recursive execution stopped.</status>
</kw>
<kw name="Sleep" owner="BuiltIn">
<arg>${DELAY_MEDIUM}</arg>
<doc>Pauses the test executed for the given time.</doc>
<status status="NOT RUN" start="2025-04-21T12:47:47.841588" elapsed="0.000245"/>
</kw>
<arg>${locator}</arg>
<status status="FAIL" start="2025-04-21T12:47:47.763217" elapsed="0.079354">Recursive execution stopped.</status>
</kw>
<kw name="Sleep" owner="BuiltIn">
<arg>${DELAY_MEDIUM}</arg>
<doc>Pauses the test executed for the given time.</doc>
<status status="NOT RUN" start="2025-04-21T12:47:47.843389" elapsed="0.000188"/>
</kw>
<arg>${locator}</arg>
<status status="FAIL" start="2025-04-21T12:47:47.761631" elapsed="0.082560">Recursive execution stopped.</status>
</kw>
<kw name="Sleep" owner="BuiltIn">
<arg>${DELAY_MEDIUM}</arg>
<doc>Pauses the test executed for the given time.</doc>
<status status="NOT RUN" start="2025-04-21T12:47:47.844737" elapsed="0.000201"/>
</kw>
<arg>${locator}</arg>
<status status="FAIL" start="2025-04-21T12:47:47.760601" elapsed="0.084828">Recursive execution stopped.</status>
</kw>
<kw name="Sleep" owner="BuiltIn">
<arg>${DELAY_MEDIUM}</arg>
<doc>Pauses the test executed for the given time.</doc>
<status status="NOT RUN" start="2025-04-21T12:47:47.846004" elapsed="0.000318"/>
</kw>
<arg>${locator}</arg>
<status status="FAIL" start="2025-04-21T12:47:47.759450" elapsed="0.087513">Recursive execution stopped.</status>
</kw>
<kw name="Sleep" owner="BuiltIn">
<arg>${DELAY_MEDIUM}</arg>
<doc>Pauses the test executed for the given time.</doc>
<status status="NOT RUN" start="2025-04-21T12:47:47.847579" elapsed="0.000218"/>
</kw>
<arg>${locator}</arg>
<status status="FAIL" start="2025-04-21T12:47:47.757705" elapsed="0.090636">Recursive execution stopped.</status>
</kw>
<kw name="Sleep" owner="BuiltIn">
<arg>${DELAY_MEDIUM}</arg>
<doc>Pauses the test executed for the given time.</doc>
<status status="NOT RUN" start="2025-04-21T12:47:47.848944" elapsed="0.003212"/>
</kw>
<arg>${locator}</arg>
<status status="FAIL" start="2025-04-21T12:47:47.757068" elapsed="0.098868">Recursive execution stopped.</status>
</kw>
<kw name="Sleep" owner="BuiltIn">
<arg>${DELAY_MEDIUM}</arg>
<doc>Pauses the test executed for the given time.</doc>
<status status="NOT RUN" start="2025-04-21T12:47:47.857095" elapsed="0.000424"/>
</kw>
<arg>${locator}</arg>
<status status="FAIL" start="2025-04-21T12:47:47.756628" elapsed="0.103063">Recursive execution stopped.</status>
</kw>
<kw name="Sleep" owner="BuiltIn">
<arg>${DELAY_MEDIUM}</arg>
<doc>Pauses the test executed for the given time.</doc>
<status status="NOT RUN" start="2025-04-21T12:47:47.861709" elapsed="0.000524"/>
</kw>
<arg>${locator}</arg>
<status status="FAIL" start="2025-04-21T12:47:47.756190" elapsed="0.107898">Recursive execution stopped.</status>
</kw>
<kw name="Sleep" owner="BuiltIn">
<arg>${DELAY_MEDIUM}</arg>
<doc>Pauses the test executed for the given time.</doc>
<status status="NOT RUN" start="2025-04-21T12:47:47.868781" elapsed="0.000504"/>
</kw>
<arg>${locator}</arg>
<status status="FAIL" start="2025-04-21T12:47:47.755773" elapsed="0.114720">Recursive execution stopped.</status>
</kw>
<kw name="Sleep" owner="BuiltIn">
<arg>${DELAY_MEDIUM}</arg>
<doc>Pauses the test executed for the given time.</doc>
<status status="NOT RUN" start="2025-04-21T12:47:47.871427" elapsed="0.000304"/>
</kw>
<arg>${locator}</arg>
<status status="FAIL" start="2025-04-21T12:47:47.755324" elapsed="0.117441">Recursive execution stopped.</status>
</kw>
<kw name="Sleep" owner="BuiltIn">
<arg>${DELAY_MEDIUM}</arg>
<doc>Pauses the test executed for the given time.</doc>
<status status="NOT RUN" start="2025-04-21T12:47:47.873600" elapsed="0.000278"/>
</kw>
<arg>${locator}</arg>
<status status="FAIL" start="2025-04-21T12:47:47.754901" elapsed="0.120064">Recursive execution stopped.</status>
</kw>
<kw name="Sleep" owner="BuiltIn">
<arg>${DELAY_MEDIUM}</arg>
<doc>Pauses the test executed for the given time.</doc>
<status status="NOT RUN" start="2025-04-21T12:47:47.875958" elapsed="0.000263"/>
</kw>
<arg>${locator}</arg>
<status status="FAIL" start="2025-04-21T12:47:47.754448" elapsed="0.122946">Recursive execution stopped.</status>
</kw>
<kw name="Sleep" owner="BuiltIn">
<arg>${DELAY_MEDIUM}</arg>
<doc>Pauses the test executed for the given time.</doc>
<status status="NOT RUN" start="2025-04-21T12:47:47.878452" elapsed="0.000285"/>
</kw>
<arg>${locator}</arg>
<status status="FAIL" start="2025-04-21T12:47:47.753994" elapsed="0.171362">Recursive execution stopped.</status>
</kw>
<kw name="Sleep" owner="BuiltIn">
<arg>${DELAY_MEDIUM}</arg>
<doc>Pauses the test executed for the given time.</doc>
<status status="NOT RUN" start="2025-04-21T12:47:47.937235" elapsed="0.001050"/>
</kw>
<arg>${locator}</arg>
<status status="FAIL" start="2025-04-21T12:47:47.753382" elapsed="0.187258">Recursive execution stopped.</status>
</kw>
<kw name="Sleep" owner="BuiltIn">
<arg>${DELAY_MEDIUM}</arg>
<doc>Pauses the test executed for the given time.</doc>
<status status="NOT RUN" start="2025-04-21T12:47:47.942710" elapsed="0.000570"/>
</kw>
<arg>${locator}</arg>
<status status="FAIL" start="2025-04-21T12:47:47.752949" elapsed="0.193073">Recursive execution stopped.</status>
</kw>
<kw name="Sleep" owner="BuiltIn">
<arg>${DELAY_MEDIUM}</arg>
<doc>Pauses the test executed for the given time.</doc>
<status status="NOT RUN" start="2025-04-21T12:47:47.946858" elapsed="0.000258"/>
</kw>
<arg>${locator}</arg>
<status status="FAIL" start="2025-04-21T12:47:47.752441" elapsed="0.195520">Recursive execution stopped.</status>
</kw>
<kw name="Sleep" owner="BuiltIn">
<arg>${DELAY_MEDIUM}</arg>
<doc>Pauses the test executed for the given time.</doc>
<status status="NOT RUN" start="2025-04-21T12:47:47.948724" elapsed="0.000498"/>
</kw>
<arg>${locator}</arg>
<status status="FAIL" start="2025-04-21T12:47:47.751730" elapsed="0.199805">Recursive execution stopped.</status>
</kw>
<kw name="Sleep" owner="BuiltIn">
<arg>${DELAY_MEDIUM}</arg>
<doc>Pauses the test executed for the given time.</doc>
<status status="NOT RUN" start="2025-04-21T12:47:47.952416" elapsed="0.000279"/>
</kw>
<arg>${locator}</arg>
<status status="FAIL" start="2025-04-21T12:47:47.750110" elapsed="0.203435">Recursive execution stopped.</status>
</kw>
<kw name="Sleep" owner="BuiltIn">
<arg>${DELAY_MEDIUM}</arg>
<doc>Pauses the test executed for the given time.</doc>
<status status="NOT RUN" start="2025-04-21T12:47:47.954579" elapsed="0.000372"/>
</kw>
<arg>${locator}</arg>
<status status="FAIL" start="2025-04-21T12:47:47.748563" elapsed="0.208739">Recursive execution stopped.</status>
</kw>
<kw name="Sleep" owner="BuiltIn">
<arg>${DELAY_MEDIUM}</arg>
<doc>Pauses the test executed for the given time.</doc>
<status status="NOT RUN" start="2025-04-21T12:47:47.958545" elapsed="0.000406"/>
</kw>
<arg>${locator}</arg>
<status status="FAIL" start="2025-04-21T12:47:47.747805" elapsed="0.212295">Recursive execution stopped.</status>
</kw>
<kw name="Sleep" owner="BuiltIn">
<arg>${DELAY_MEDIUM}</arg>
<doc>Pauses the test executed for the given time.</doc>
<status status="NOT RUN" start="2025-04-21T12:47:47.961464" elapsed="0.000342"/>
</kw>
<arg>${locator}</arg>
<status status="FAIL" start="2025-04-21T12:47:47.747227" elapsed="0.215815">Recursive execution stopped.</status>
</kw>
<kw name="Sleep" owner="BuiltIn">
<arg>${DELAY_MEDIUM}</arg>
<doc>Pauses the test executed for the given time.</doc>
<status status="NOT RUN" start="2025-04-21T12:47:47.964057" elapsed="0.000369"/>
</kw>
<arg>${locator}</arg>
<status status="FAIL" start="2025-04-21T12:47:47.746767" elapsed="0.218823">Recursive execution stopped.</status>
</kw>
<kw name="Sleep" owner="BuiltIn">
<arg>${DELAY_MEDIUM}</arg>
<doc>Pauses the test executed for the given time.</doc>
<status status="NOT RUN" start="2025-04-21T12:47:47.968427" elapsed="0.000295"/>
</kw>
<arg>${locator}</arg>
<status status="FAIL" start="2025-04-21T12:47:47.746326" elapsed="0.223493">Recursive execution stopped.</status>
</kw>
<kw name="Sleep" owner="BuiltIn">
<arg>${DELAY_MEDIUM}</arg>
<doc>Pauses the test executed for the given time.</doc>
<status status="NOT RUN" start="2025-04-21T12:47:47.970730" elapsed="0.000293"/>
</kw>
<arg>${locator}</arg>
<status status="FAIL" start="2025-04-21T12:47:47.745894" elapsed="0.226108">Recursive execution stopped.</status>
</kw>
<kw name="Sleep" owner="BuiltIn">
<arg>${DELAY_MEDIUM}</arg>
<doc>Pauses the test executed for the given time.</doc>
<status status="NOT RUN" start="2025-04-21T12:47:47.972928" elapsed="0.000277"/>
</kw>
<arg>${locator}</arg>
<status status="FAIL" start="2025-04-21T12:47:47.745431" elapsed="0.228839">Recursive execution stopped.</status>
</kw>
<kw name="Sleep" owner="BuiltIn">
<arg>${DELAY_MEDIUM}</arg>
<doc>Pauses the test executed for the given time.</doc>
<status status="NOT RUN" start="2025-04-21T12:47:48.005893" elapsed="0.000308"/>
</kw>
<arg>${locator}</arg>
<status status="FAIL" start="2025-04-21T12:47:47.745016" elapsed="0.262641">Recursive execution stopped.</status>
</kw>
<kw name="Sleep" owner="BuiltIn">
<arg>${DELAY_MEDIUM}</arg>
<doc>Pauses the test executed for the given time.</doc>
<status status="NOT RUN" start="2025-04-21T12:47:48.008656" elapsed="0.000292"/>
</kw>
<arg>${locator}</arg>
<status status="FAIL" start="2025-04-21T12:47:47.744535" elapsed="0.265483">Recursive execution stopped.</status>
</kw>
<kw name="Sleep" owner="BuiltIn">
<arg>${DELAY_MEDIUM}</arg>
<doc>Pauses the test executed for the given time.</doc>
<status status="NOT RUN" start="2025-04-21T12:47:48.011224" elapsed="0.000414"/>
</kw>
<arg>${locator}</arg>
<status status="FAIL" start="2025-04-21T12:47:47.743939" elapsed="0.269333">Recursive execution stopped.</status>
</kw>
<kw name="Sleep" owner="BuiltIn">
<arg>${DELAY_MEDIUM}</arg>
<doc>Pauses the test executed for the given time.</doc>
<status status="NOT RUN" start="2025-04-21T12:47:48.014406" elapsed="0.000262"/>
</kw>
<arg>${locator}</arg>
<status status="FAIL" start="2025-04-21T12:47:47.742900" elapsed="0.274374">Recursive execution stopped.</status>
</kw>
<kw name="Sleep" owner="BuiltIn">
<arg>${DELAY_MEDIUM}</arg>
<doc>Pauses the test executed for the given time.</doc>
<status status="NOT RUN" start="2025-04-21T12:47:48.018748" elapsed="0.000343"/>
</kw>
<arg>${locator}</arg>
<status status="FAIL" start="2025-04-21T12:47:47.741695" elapsed="0.278536">Recursive execution stopped.</status>
</kw>
<kw name="Sleep" owner="BuiltIn">
<arg>${DELAY_MEDIUM}</arg>
<doc>Pauses the test executed for the given time.</doc>
<status status="NOT RUN" start="2025-04-21T12:47:48.021206" elapsed="0.000321"/>
</kw>
<arg>${locator}</arg>
<status status="FAIL" start="2025-04-21T12:47:47.741244" elapsed="0.281612">Recursive execution stopped.</status>
</kw>
<kw name="Sleep" owner="BuiltIn">
<arg>${DELAY_MEDIUM}</arg>
<doc>Pauses the test executed for the given time.</doc>
<status status="NOT RUN" start="2025-04-21T12:47:48.023912" elapsed="0.000301"/>
</kw>
<arg>${locator}</arg>
<status status="FAIL" start="2025-04-21T12:47:47.740778" elapsed="0.284498">Recursive execution stopped.</status>
</kw>
<kw name="Sleep" owner="BuiltIn">
<arg>${DELAY_MEDIUM}</arg>
<doc>Pauses the test executed for the given time.</doc>
<status status="NOT RUN" start="2025-04-21T12:47:48.026212" elapsed="0.000267"/>
</kw>
<arg>${locator}</arg>
<status status="FAIL" start="2025-04-21T12:47:47.740230" elapsed="0.287403">Recursive execution stopped.</status>
</kw>
<kw name="Sleep" owner="BuiltIn">
<arg>${DELAY_MEDIUM}</arg>
<doc>Pauses the test executed for the given time.</doc>
<status status="NOT RUN" start="2025-04-21T12:47:48.028699" elapsed="0.000317"/>
</kw>
<arg>${locator}</arg>
<status status="FAIL" start="2025-04-21T12:47:47.739261" elapsed="0.290765">Recursive execution stopped.</status>
</kw>
<kw name="Sleep" owner="BuiltIn">
<arg>${DELAY_MEDIUM}</arg>
<doc>Pauses the test executed for the given time.</doc>
<status status="NOT RUN" start="2025-04-21T12:47:48.031238" elapsed="0.000417"/>
</kw>
<arg>${locator}</arg>
<status status="FAIL" start="2025-04-21T12:47:47.738525" elapsed="0.295247">Recursive execution stopped.</status>
</kw>
<kw name="Sleep" owner="BuiltIn">
<arg>${DELAY_MEDIUM}</arg>
<doc>Pauses the test executed for the given time.</doc>
<status status="NOT RUN" start="2025-04-21T12:47:48.035152" elapsed="0.000508"/>
</kw>
<arg>${locator}</arg>
<status status="FAIL" start="2025-04-21T12:47:47.738109" elapsed="0.298498">Recursive execution stopped.</status>
</kw>
<kw name="Sleep" owner="BuiltIn">
<arg>${DELAY_MEDIUM}</arg>
<doc>Pauses the test executed for the given time.</doc>
<status status="NOT RUN" start="2025-04-21T12:47:48.037411" elapsed="0.000232"/>
</kw>
<arg>${locator}</arg>
<status status="FAIL" start="2025-04-21T12:47:47.737667" elapsed="0.301483">Recursive execution stopped.</status>
</kw>
<kw name="Sleep" owner="BuiltIn">
<arg>${DELAY_MEDIUM}</arg>
<doc>Pauses the test executed for the given time.</doc>
<status status="NOT RUN" start="2025-04-21T12:47:48.039997" elapsed="0.000225"/>
</kw>
<arg>${locator}</arg>
<status status="FAIL" start="2025-04-21T12:47:47.737231" elapsed="0.303942">Recursive execution stopped.</status>
</kw>
<kw name="Sleep" owner="BuiltIn">
<arg>${DELAY_MEDIUM}</arg>
<doc>Pauses the test executed for the given time.</doc>
<status status="NOT RUN" start="2025-04-21T12:47:48.070341" elapsed="0.000308"/>
</kw>
<arg>${locator}</arg>
<status status="FAIL" start="2025-04-21T12:47:47.736800" elapsed="0.334728">Recursive execution stopped.</status>
</kw>
<kw name="Sleep" owner="BuiltIn">
<arg>${DELAY_MEDIUM}</arg>
<doc>Pauses the test executed for the given time.</doc>
<status status="NOT RUN" start="2025-04-21T12:47:48.072552" elapsed="0.000315"/>
</kw>
<arg>${locator}</arg>
<status status="FAIL" start="2025-04-21T12:47:47.736336" elapsed="0.337397">Recursive execution stopped.</status>
</kw>
<kw name="Sleep" owner="BuiltIn">
<arg>${DELAY_MEDIUM}</arg>
<doc>Pauses the test executed for the given time.</doc>
<status status="NOT RUN" start="2025-04-21T12:47:48.074633" elapsed="0.000264"/>
</kw>
<arg>${locator}</arg>
<status status="FAIL" start="2025-04-21T12:47:47.735882" elapsed="0.339946">Recursive execution stopped.</status>
</kw>
<kw name="Sleep" owner="BuiltIn">
<arg>${DELAY_MEDIUM}</arg>
<doc>Pauses the test executed for the given time.</doc>
<status status="NOT RUN" start="2025-04-21T12:47:48.076741" elapsed="0.000248"/>
</kw>
<arg>${locator}</arg>
<status status="FAIL" start="2025-04-21T12:47:47.735311" elapsed="0.342628">Recursive execution stopped.</status>
</kw>
<kw name="Sleep" owner="BuiltIn">
<arg>${DELAY_MEDIUM}</arg>
<doc>Pauses the test executed for the given time.</doc>
<status status="NOT RUN" start="2025-04-21T12:47:48.078792" elapsed="0.000307"/>
</kw>
<arg>${locator}</arg>
<status status="FAIL" start="2025-04-21T12:47:47.733916" elapsed="0.346136">Recursive execution stopped.</status>
</kw>
<kw name="Sleep" owner="BuiltIn">
<arg>${DELAY_MEDIUM}</arg>
<doc>Pauses the test executed for the given time.</doc>
<status status="NOT RUN" start="2025-04-21T12:47:48.081072" elapsed="0.000329"/>
</kw>
<arg>${locator}</arg>
<status status="FAIL" start="2025-04-21T12:47:47.732022" elapsed="0.353090">Recursive execution stopped.</status>
</kw>
<kw name="Sleep" owner="BuiltIn">
<arg>${DELAY_MEDIUM}</arg>
<doc>Pauses the test executed for the given time.</doc>
<status status="NOT RUN" start="2025-04-21T12:47:48.086082" elapsed="0.000240"/>
</kw>
<arg>${locator}</arg>
<status status="FAIL" start="2025-04-21T12:47:47.731580" elapsed="0.355639">Recursive execution stopped.</status>
</kw>
<kw name="Sleep" owner="BuiltIn">
<arg>${DELAY_MEDIUM}</arg>
<doc>Pauses the test executed for the given time.</doc>
<status status="NOT RUN" start="2025-04-21T12:47:48.088034" elapsed="0.000231"/>
</kw>
<arg>${locator}</arg>
<status status="FAIL" start="2025-04-21T12:47:47.731149" elapsed="0.358017">Recursive execution stopped.</status>
</kw>
<kw name="Sleep" owner="BuiltIn">
<arg>${DELAY_MEDIUM}</arg>
<doc>Pauses the test executed for the given time.</doc>
<status status="NOT RUN" start="2025-04-21T12:47:48.089937" elapsed="0.000234"/>
</kw>
<arg>${locator}</arg>
<status status="FAIL" start="2025-04-21T12:47:47.730685" elapsed="0.360350">Recursive execution stopped.</status>
</kw>
<kw name="Sleep" owner="BuiltIn">
<arg>${DELAY_MEDIUM}</arg>
<doc>Pauses the test executed for the given time.</doc>
<status status="NOT RUN" start="2025-04-21T12:47:48.094095" elapsed="0.000270"/>
</kw>
<arg>${locator}</arg>
<status status="FAIL" start="2025-04-21T12:47:47.729854" elapsed="0.365619">Recursive execution stopped.</status>
</kw>
<kw name="Sleep" owner="BuiltIn">
<arg>${DELAY_MEDIUM}</arg>
<doc>Pauses the test executed for the given time.</doc>
<status status="NOT RUN" start="2025-04-21T12:47:48.096465" elapsed="0.000356"/>
</kw>
<arg>${locator}</arg>
<status status="FAIL" start="2025-04-21T12:47:47.728830" elapsed="0.368974">Recursive execution stopped.</status>
</kw>
<kw name="Sleep" owner="BuiltIn">
<arg>${DELAY_MEDIUM}</arg>
<doc>Pauses the test executed for the given time.</doc>
<status status="NOT RUN" start="2025-04-21T12:47:48.098664" elapsed="0.000315"/>
</kw>
<arg>${locator}</arg>
<status status="FAIL" start="2025-04-21T12:47:47.727875" elapsed="0.373459">Recursive execution stopped.</status>
</kw>
<kw name="Sleep" owner="BuiltIn">
<arg>${DELAY_MEDIUM}</arg>
<doc>Pauses the test executed for the given time.</doc>
<status status="NOT RUN" start="2025-04-21T12:47:48.102273" elapsed="0.000299"/>
</kw>
<arg>${locator}</arg>
<status status="FAIL" start="2025-04-21T12:47:47.726632" elapsed="0.376822">Recursive execution stopped.</status>
</kw>
<kw name="Sleep" owner="BuiltIn">
<arg>${DELAY_MEDIUM}</arg>
<doc>Pauses the test executed for the given time.</doc>
<status status="NOT RUN" start="2025-04-21T12:47:48.104208" elapsed="0.000248"/>
</kw>
<arg>${locator}</arg>
<status status="FAIL" start="2025-04-21T12:47:47.726202" elapsed="0.379746">Recursive execution stopped.</status>
</kw>
<kw name="Sleep" owner="BuiltIn">
<arg>${DELAY_MEDIUM}</arg>
<doc>Pauses the test executed for the given time.</doc>
<status status="NOT RUN" start="2025-04-21T12:47:48.120913" elapsed="0.000297"/>
</kw>
<arg>${locator}</arg>
<status status="FAIL" start="2025-04-21T12:47:47.725771" elapsed="0.396368">Recursive execution stopped.</status>
</kw>
<kw name="Sleep" owner="BuiltIn">
<arg>${DELAY_MEDIUM}</arg>
<doc>Pauses the test executed for the given time.</doc>
<status status="NOT RUN" start="2025-04-21T12:47:48.123016" elapsed="0.000280"/>
</kw>
<arg>${locator}</arg>
<status status="FAIL" start="2025-04-21T12:47:47.725355" elapsed="0.398796">Recursive execution stopped.</status>
</kw>
<kw name="Sleep" owner="BuiltIn">
<arg>${DELAY_MEDIUM}</arg>
<doc>Pauses the test executed for the given time.</doc>
<status status="NOT RUN" start="2025-04-21T12:47:48.124973" elapsed="0.000263"/>
</kw>
<arg>${locator}</arg>
<status status="FAIL" start="2025-04-21T12:47:47.724926" elapsed="0.401292">Recursive execution stopped.</status>
</kw>
<kw name="Sleep" owner="BuiltIn">
<arg>${DELAY_MEDIUM}</arg>
<doc>Pauses the test executed for the given time.</doc>
<status status="NOT RUN" start="2025-04-21T12:47:48.127112" elapsed="0.000283"/>
</kw>
<arg>${locator}</arg>
<status status="FAIL" start="2025-04-21T12:47:47.724494" elapsed="0.403858">Recursive execution stopped.</status>
</kw>
<kw name="Sleep" owner="BuiltIn">
<arg>${DELAY_MEDIUM}</arg>
<doc>Pauses the test executed for the given time.</doc>
<status status="NOT RUN" start="2025-04-21T12:47:48.129169" elapsed="0.000285"/>
</kw>
<arg>${locator}</arg>
<status status="FAIL" start="2025-04-21T12:47:47.724041" elapsed="0.406359">Recursive execution stopped.</status>
</kw>
<kw name="Sleep" owner="BuiltIn">
<arg>${DELAY_MEDIUM}</arg>
<doc>Pauses the test executed for the given time.</doc>
<status status="NOT RUN" start="2025-04-21T12:47:48.131345" elapsed="0.000262"/>
</kw>
<arg>${locator}</arg>
<status status="FAIL" start="2025-04-21T12:47:47.723599" elapsed="0.409111">Recursive execution stopped.</status>
</kw>
<kw name="Sleep" owner="BuiltIn">
<arg>${DELAY_MEDIUM}</arg>
<doc>Pauses the test executed for the given time.</doc>
<status status="NOT RUN" start="2025-04-21T12:47:48.135468" elapsed="0.000333"/>
</kw>
<arg>${locator}</arg>
<status status="FAIL" start="2025-04-21T12:47:47.723133" elapsed="0.413740">Recursive execution stopped.</status>
</kw>
<kw name="Sleep" owner="BuiltIn">
<arg>${DELAY_MEDIUM}</arg>
<doc>Pauses the test executed for the given time.</doc>
<status status="NOT RUN" start="2025-04-21T12:47:48.137961" elapsed="0.000414"/>
</kw>
<arg>${locator}</arg>
<status status="FAIL" start="2025-04-21T12:47:47.722579" elapsed="0.416552">Recursive execution stopped.</status>
</kw>
<kw name="Sleep" owner="BuiltIn">
<arg>${DELAY_MEDIUM}</arg>
<doc>Pauses the test executed for the given time.</doc>
<status status="NOT RUN" start="2025-04-21T12:47:48.139807" elapsed="0.000251"/>
</kw>
<arg>${locator}</arg>
<status status="FAIL" start="2025-04-21T12:47:47.722145" elapsed="0.418521">Recursive execution stopped.</status>
</kw>
<kw name="Sleep" owner="BuiltIn">
<arg>${DELAY_MEDIUM}</arg>
<doc>Pauses the test executed for the given time.</doc>
<status status="NOT RUN" start="2025-04-21T12:47:48.141271" elapsed="0.000221"/>
</kw>
<arg>${locator}</arg>
<status status="FAIL" start="2025-04-21T12:47:47.721554" elapsed="0.424350">Recursive execution stopped.</status>
</kw>
<kw name="Sleep" owner="BuiltIn">
<arg>${DELAY_MEDIUM}</arg>
<doc>Pauses the test executed for the given time.</doc>
<status status="NOT RUN" start="2025-04-21T12:47:48.147389" elapsed="0.000317"/>
</kw>
<arg>${locator}</arg>
<status status="FAIL" start="2025-04-21T12:47:47.720797" elapsed="0.427615">Recursive execution stopped.</status>
</kw>
<kw name="Sleep" owner="BuiltIn">
<arg>${DELAY_MEDIUM}</arg>
<doc>Pauses the test executed for the given time.</doc>
<status status="NOT RUN" start="2025-04-21T12:47:48.151522" elapsed="0.000374"/>
</kw>
<arg>${locator}</arg>
<status status="FAIL" start="2025-04-21T12:47:47.720180" elapsed="0.432675">Recursive execution stopped.</status>
</kw>
<kw name="Sleep" owner="BuiltIn">
<arg>${DELAY_MEDIUM}</arg>
<doc>Pauses the test executed for the given time.</doc>
<status status="NOT RUN" start="2025-04-21T12:47:48.153665" elapsed="0.000375"/>
</kw>
<arg>${locator}</arg>
<status status="FAIL" start="2025-04-21T12:47:47.719749" elapsed="0.435131">Recursive execution stopped.</status>
</kw>
<kw name="Sleep" owner="BuiltIn">
<arg>${DELAY_MEDIUM}</arg>
<doc>Pauses the test executed for the given time.</doc>
<status status="NOT RUN" start="2025-04-21T12:47:48.155627" elapsed="0.000257"/>
</kw>
<arg>${locator}</arg>
<status status="FAIL" start="2025-04-21T12:47:47.719286" elapsed="0.437386">Recursive execution stopped.</status>
</kw>
<kw name="Sleep" owner="BuiltIn">
<arg>${DELAY_MEDIUM}</arg>
<doc>Pauses the test executed for the given time.</doc>
<status status="NOT RUN" start="2025-04-21T12:47:48.157432" elapsed="0.000256"/>
</kw>
<arg>${locator}</arg>
<status status="FAIL" start="2025-04-21T12:47:47.718704" elapsed="0.455202">Recursive execution stopped.</status>
</kw>
<kw name="Sleep" owner="BuiltIn">
<arg>${DELAY_MEDIUM}</arg>
<doc>Pauses the test executed for the given time.</doc>
<status status="NOT RUN" start="2025-04-21T12:47:48.186875" elapsed="0.000262"/>
</kw>
<arg>${locator}</arg>
<status status="FAIL" start="2025-04-21T12:47:47.717672" elapsed="0.470223">Recursive execution stopped.</status>
</kw>
<kw name="Sleep" owner="BuiltIn">
<arg>${DELAY_MEDIUM}</arg>
<doc>Pauses the test executed for the given time.</doc>
<status status="NOT RUN" start="2025-04-21T12:47:48.188662" elapsed="0.000285"/>
</kw>
<arg>${locator}</arg>
<status status="FAIL" start="2025-04-21T12:47:47.715771" elapsed="0.473947">Recursive execution stopped.</status>
</kw>
<kw name="Sleep" owner="BuiltIn">
<arg>${DELAY_MEDIUM}</arg>
<doc>Pauses the test executed for the given time.</doc>
<status status="NOT RUN" start="2025-04-21T12:47:48.190464" elapsed="0.000252"/>
</kw>
<arg>${locator}</arg>
<status status="FAIL" start="2025-04-21T12:47:47.715333" elapsed="0.476253">Recursive execution stopped.</status>
</kw>
<kw name="Sleep" owner="BuiltIn">
<arg>${DELAY_MEDIUM}</arg>
<doc>Pauses the test executed for the given time.</doc>
<status status="NOT RUN" start="2025-04-21T12:47:48.192294" elapsed="0.000225"/>
</kw>
<arg>${locator}</arg>
<status status="FAIL" start="2025-04-21T12:47:47.714863" elapsed="0.478374">Recursive execution stopped.</status>
</kw>
<kw name="Sleep" owner="BuiltIn">
<arg>${DELAY_MEDIUM}</arg>
<doc>Pauses the test executed for the given time.</doc>
<status status="NOT RUN" start="2025-04-21T12:47:48.193852" elapsed="0.000233"/>
</kw>
<arg>${locator}</arg>
<status status="FAIL" start="2025-04-21T12:47:47.714321" elapsed="0.480425">Recursive execution stopped.</status>
</kw>
<kw name="Sleep" owner="BuiltIn">
<arg>${DELAY_MEDIUM}</arg>
<doc>Pauses the test executed for the given time.</doc>
<status status="NOT RUN" start="2025-04-21T12:47:48.197799" elapsed="0.000250"/>
</kw>
<arg>${locator}</arg>
<status status="FAIL" start="2025-04-21T12:47:47.713469" elapsed="0.485277">Recursive execution stopped.</status>
</kw>
<kw name="Sleep" owner="BuiltIn">
<arg>${DELAY_MEDIUM}</arg>
<doc>Pauses the test executed for the given time.</doc>
<status status="NOT RUN" start="2025-04-21T12:47:48.199865" elapsed="0.000593"/>
</kw>
<arg>${locator}</arg>
<status status="FAIL" start="2025-04-21T12:47:47.711856" elapsed="0.489552">Recursive execution stopped.</status>
</kw>
<kw name="Sleep" owner="BuiltIn">
<arg>${DELAY_MEDIUM}</arg>
<doc>Pauses the test executed for the given time.</doc>
<status status="NOT RUN" start="2025-04-21T12:47:48.202228" elapsed="0.000278"/>
</kw>
<arg>${locator}</arg>
<status status="FAIL" start="2025-04-21T12:47:47.711410" elapsed="0.492018">Recursive execution stopped.</status>
</kw>
<kw name="Sleep" owner="BuiltIn">
<arg>${DELAY_MEDIUM}</arg>
<doc>Pauses the test executed for the given time.</doc>
<status status="NOT RUN" start="2025-04-21T12:47:48.204509" elapsed="0.000275"/>
</kw>
<arg>${locator}</arg>
<status status="FAIL" start="2025-04-21T12:47:47.710878" elapsed="0.494775">Recursive execution stopped.</status>
</kw>
<kw name="Sleep" owner="BuiltIn">
<arg>${DELAY_MEDIUM}</arg>
<doc>Pauses the test executed for the given time.</doc>
<status status="NOT RUN" start="2025-04-21T12:47:48.206625" elapsed="0.000360"/>
</kw>
<arg>${locator}</arg>
<status status="FAIL" start="2025-04-21T12:47:47.709923" elapsed="0.497945">Recursive execution stopped.</status>
</kw>
<kw name="Sleep" owner="BuiltIn">
<arg>${DELAY_MEDIUM}</arg>
<doc>Pauses the test executed for the given time.</doc>
<status status="NOT RUN" start="2025-04-21T12:47:48.209014" elapsed="0.000648"/>
</kw>
<arg>${locator}</arg>
<status status="FAIL" start="2025-04-21T12:47:47.709317" elapsed="0.501382">Recursive execution stopped.</status>
</kw>
<kw name="Sleep" owner="BuiltIn">
<arg>${DELAY_MEDIUM}</arg>
<doc>Pauses the test executed for the given time.</doc>
<status status="NOT RUN" start="2025-04-21T12:47:48.212108" elapsed="0.002031"/>
</kw>
<arg>${locator}</arg>
<status status="FAIL" start="2025-04-21T12:47:47.708892" elapsed="0.506042">Recursive execution stopped.</status>
</kw>
<kw name="Sleep" owner="BuiltIn">
<arg>${DELAY_MEDIUM}</arg>
<doc>Pauses the test executed for the given time.</doc>
<status status="NOT RUN" start="2025-04-21T12:47:48.215579" elapsed="0.000508"/>
</kw>
<arg>${locator}</arg>
<status status="FAIL" start="2025-04-21T12:47:47.708466" elapsed="0.509482">Recursive execution stopped.</status>
</kw>
<kw name="Sleep" owner="BuiltIn">
<arg>${DELAY_MEDIUM}</arg>
<doc>Pauses the test executed for the given time.</doc>
<status status="NOT RUN" start="2025-04-21T12:47:48.218671" elapsed="0.000320"/>
</kw>
<arg>${locator}</arg>
<status status="FAIL" start="2025-04-21T12:47:47.708014" elapsed="0.511709">Recursive execution stopped.</status>
</kw>
<kw name="Sleep" owner="BuiltIn">
<arg>${DELAY_MEDIUM}</arg>
<doc>Pauses the test executed for the given time.</doc>
<status status="NOT RUN" start="2025-04-21T12:47:48.220488" elapsed="0.000279"/>
</kw>
<arg>${locator}</arg>
<status status="FAIL" start="2025-04-21T12:47:47.707588" elapsed="0.513977">Recursive execution stopped.</status>
</kw>
<kw name="Sleep" owner="BuiltIn">
<arg>${DELAY_MEDIUM}</arg>
<doc>Pauses the test executed for the given time.</doc>
<status status="NOT RUN" start="2025-04-21T12:47:48.222363" elapsed="0.000297"/>
</kw>
<arg>${locator}</arg>
<status status="FAIL" start="2025-04-21T12:47:47.707166" elapsed="0.516231">Recursive execution stopped.</status>
</kw>
<kw name="Sleep" owner="BuiltIn">
<arg>${DELAY_MEDIUM}</arg>
<doc>Pauses the test executed for the given time.</doc>
<status status="NOT RUN" start="2025-04-21T12:47:48.224502" elapsed="0.000358"/>
</kw>
<arg>${locator}</arg>
<status status="FAIL" start="2025-04-21T12:47:47.706715" elapsed="0.522225">Recursive execution stopped.</status>
</kw>
<kw name="Sleep" owner="BuiltIn">
<arg>${DELAY_MEDIUM}</arg>
<doc>Pauses the test executed for the given time.</doc>
<status status="NOT RUN" start="2025-04-21T12:47:48.230842" elapsed="0.000976"/>
</kw>
<arg>${locator}</arg>
<status status="FAIL" start="2025-04-21T12:47:47.706300" elapsed="0.527961">Recursive execution stopped.</status>
</kw>
<kw name="Sleep" owner="BuiltIn">
<arg>${DELAY_MEDIUM}</arg>
<doc>Pauses the test executed for the given time.</doc>
<status status="NOT RUN" start="2025-04-21T12:47:48.235578" elapsed="0.000963"/>
</kw>
<arg>${locator}</arg>
<status status="FAIL" start="2025-04-21T12:47:47.705869" elapsed="0.531376">Recursive execution stopped.</status>
</kw>
<kw name="Sleep" owner="BuiltIn">
<arg>${DELAY_MEDIUM}</arg>
<doc>Pauses the test executed for the given time.</doc>
<status status="NOT RUN" start="2025-04-21T12:47:48.238057" elapsed="0.000656"/>
</kw>
<arg>${locator}</arg>
<status status="FAIL" start="2025-04-21T12:47:47.705429" elapsed="0.534438">Recursive execution stopped.</status>
</kw>
<kw name="Sleep" owner="BuiltIn">
<arg>${DELAY_MEDIUM}</arg>
<doc>Pauses the test executed for the given time.</doc>
<status status="NOT RUN" start="2025-04-21T12:47:48.240814" elapsed="0.000411"/>
</kw>
<arg>${locator}</arg>
<status status="FAIL" start="2025-04-21T12:47:47.705007" elapsed="0.538924">Recursive execution stopped.</status>
</kw>
<kw name="Sleep" owner="BuiltIn">
<arg>${DELAY_MEDIUM}</arg>
<doc>Pauses the test executed for the given time.</doc>
<status status="NOT RUN" start="2025-04-21T12:47:48.245011" elapsed="0.000307"/>
</kw>
<arg>${locator}</arg>
<status status="FAIL" start="2025-04-21T12:47:47.704563" elapsed="0.541509">Recursive execution stopped.</status>
</kw>
<kw name="Sleep" owner="BuiltIn">
<arg>${DELAY_MEDIUM}</arg>
<doc>Pauses the test executed for the given time.</doc>
<status status="NOT RUN" start="2025-04-21T12:47:48.246797" elapsed="0.000302"/>
</kw>
<arg>${locator}</arg>
<status status="FAIL" start="2025-04-21T12:47:47.704101" elapsed="0.543649">Recursive execution stopped.</status>
</kw>
<kw name="Sleep" owner="BuiltIn">
<arg>${DELAY_MEDIUM}</arg>
<doc>Pauses the test executed for the given time.</doc>
<status status="NOT RUN" start="2025-04-21T12:47:48.248466" elapsed="0.000308"/>
</kw>
<arg>${locator}</arg>
<status status="FAIL" start="2025-04-21T12:47:47.703243" elapsed="0.546688">Recursive execution stopped.</status>
</kw>
<kw name="Sleep" owner="BuiltIn">
<arg>${DELAY_MEDIUM}</arg>
<doc>Pauses the test executed for the given time.</doc>
<status status="NOT RUN" start="2025-04-21T12:47:48.251357" elapsed="0.000437"/>
</kw>
<arg>${locator}</arg>
<status status="FAIL" start="2025-04-21T12:47:47.701671" elapsed="0.550862">Recursive execution stopped.</status>
</kw>
<kw name="Sleep" owner="BuiltIn">
<arg>${DELAY_MEDIUM}</arg>
<doc>Pauses the test executed for the given time.</doc>
<status status="NOT RUN" start="2025-04-21T12:47:48.253385" elapsed="0.000320"/>
</kw>
<arg>${locator}</arg>
<status status="FAIL" start="2025-04-21T12:47:47.698797" elapsed="0.555650">Recursive execution stopped.</status>
</kw>
<kw name="Sleep" owner="BuiltIn">
<arg>${DELAY_MEDIUM}</arg>
<doc>Pauses the test executed for the given time.</doc>
<status status="NOT RUN" start="2025-04-21T12:47:48.255115" elapsed="0.000389"/>
</kw>
<arg>${locator}</arg>
<status status="FAIL" start="2025-04-21T12:47:47.697542" elapsed="0.558590">Recursive execution stopped.</status>
</kw>
<kw name="Sleep" owner="BuiltIn">
<arg>${DELAY_MEDIUM}</arg>
<doc>Pauses the test executed for the given time.</doc>
<status status="NOT RUN" start="2025-04-21T12:47:48.256715" elapsed="0.000246"/>
</kw>
<arg>${locator}</arg>
<status status="FAIL" start="2025-04-21T12:47:47.696428" elapsed="0.561203">Recursive execution stopped.</status>
</kw>
<kw name="Sleep" owner="BuiltIn">
<arg>${DELAY_MEDIUM}</arg>
<doc>Pauses the test executed for the given time.</doc>
<status status="NOT RUN" start="2025-04-21T12:47:48.258283" elapsed="0.000252"/>
</kw>
<arg>${locator}</arg>
<status status="FAIL" start="2025-04-21T12:47:47.695773" elapsed="0.563361">Recursive execution stopped.</status>
</kw>
<kw name="Sleep" owner="BuiltIn">
<arg>${DELAY_MEDIUM}</arg>
<doc>Pauses the test executed for the given time.</doc>
<status status="NOT RUN" start="2025-04-21T12:47:48.259983" elapsed="0.000297"/>
</kw>
<arg>${locator}</arg>
<status status="FAIL" start="2025-04-21T12:47:47.695284" elapsed="0.565624">Recursive execution stopped.</status>
</kw>
<kw name="Sleep" owner="BuiltIn">
<arg>${DELAY_MEDIUM}</arg>
<doc>Pauses the test executed for the given time.</doc>
<status status="NOT RUN" start="2025-04-21T12:47:48.261605" elapsed="0.000281"/>
</kw>
<arg>${locator}</arg>
<status status="FAIL" start="2025-04-21T12:47:47.694792" elapsed="0.567801">Recursive execution stopped.</status>
</kw>
<kw name="Sleep" owner="BuiltIn">
<arg>${DELAY_MEDIUM}</arg>
<doc>Pauses the test executed for the given time.</doc>
<status status="NOT RUN" start="2025-04-21T12:47:48.263266" elapsed="0.000578"/>
</kw>
<arg>${locator}</arg>
<status status="FAIL" start="2025-04-21T12:47:47.694283" elapsed="0.570225">Recursive execution stopped.</status>
</kw>
<kw name="Sleep" owner="BuiltIn">
<arg>${DELAY_MEDIUM}</arg>
<doc>Pauses the test executed for the given time.</doc>
<status status="NOT RUN" start="2025-04-21T12:47:48.265178" elapsed="0.000318"/>
</kw>
<arg>${locator}</arg>
<status status="FAIL" start="2025-04-21T12:47:47.693790" elapsed="0.574114">Recursive execution stopped.</status>
</kw>
<kw name="Sleep" owner="BuiltIn">
<arg>${DELAY_MEDIUM}</arg>
<doc>Pauses the test executed for the given time.</doc>
<status status="NOT RUN" start="2025-04-21T12:47:48.273877" elapsed="0.000323"/>
</kw>
<arg>${locator}</arg>
<status status="FAIL" start="2025-04-21T12:47:47.693281" elapsed="0.581549">Recursive execution stopped.</status>
</kw>
<kw name="Sleep" owner="BuiltIn">
<arg>${DELAY_MEDIUM}</arg>
<doc>Pauses the test executed for the given time.</doc>
<status status="NOT RUN" start="2025-04-21T12:47:48.275444" elapsed="0.000389"/>
</kw>
<arg>${locator}</arg>
<status status="FAIL" start="2025-04-21T12:47:47.692760" elapsed="0.583681">Recursive execution stopped.</status>
</kw>
<kw name="Sleep" owner="BuiltIn">
<arg>${DELAY_MEDIUM}</arg>
<doc>Pauses the test executed for the given time.</doc>
<status status="NOT RUN" start="2025-04-21T12:47:48.277060" elapsed="0.000267"/>
</kw>
<arg>${locator}</arg>
<status status="FAIL" start="2025-04-21T12:47:47.692252" elapsed="0.585693">Recursive execution stopped.</status>
</kw>
<kw name="Sleep" owner="BuiltIn">
<arg>${DELAY_MEDIUM}</arg>
<doc>Pauses the test executed for the given time.</doc>
<status status="NOT RUN" start="2025-04-21T12:47:48.278568" elapsed="0.000261"/>
</kw>
<arg>${locator}</arg>
<status status="FAIL" start="2025-04-21T12:47:47.691647" elapsed="0.587763">Recursive execution stopped.</status>
</kw>
<kw name="Sleep" owner="BuiltIn">
<arg>${DELAY_MEDIUM}</arg>
<doc>Pauses the test executed for the given time.</doc>
<status status="NOT RUN" start="2025-04-21T12:47:48.279964" elapsed="0.000256"/>
</kw>
<arg>${locator}</arg>
<status status="FAIL" start="2025-04-21T12:47:47.690602" elapsed="0.590265">Recursive execution stopped.</status>
</kw>
<kw name="Sleep" owner="BuiltIn">
<arg>${DELAY_MEDIUM}</arg>
<doc>Pauses the test executed for the given time.</doc>
<status status="NOT RUN" start="2025-04-21T12:47:48.281579" elapsed="0.000268"/>
</kw>
<arg>${locator}</arg>
<status status="FAIL" start="2025-04-21T12:47:47.689434" elapsed="0.593137">Recursive execution stopped.</status>
</kw>
<kw name="Sleep" owner="BuiltIn">
<arg>${DELAY_MEDIUM}</arg>
<doc>Pauses the test executed for the given time.</doc>
<status status="NOT RUN" start="2025-04-21T12:47:48.284631" elapsed="0.000567"/>
</kw>
<arg>${locator}</arg>
<status status="FAIL" start="2025-04-21T12:47:47.688584" elapsed="0.597514">Recursive execution stopped.</status>
</kw>
<kw name="Sleep" owner="BuiltIn">
<arg>${DELAY_MEDIUM}</arg>
<doc>Pauses the test executed for the given time.</doc>
<status status="NOT RUN" start="2025-04-21T12:47:48.286632" elapsed="0.000449"/>
</kw>
<arg>${locator}</arg>
<status status="FAIL" start="2025-04-21T12:47:47.688005" elapsed="0.599688">Recursive execution stopped.</status>
</kw>
<kw name="Sleep" owner="BuiltIn">
<arg>${DELAY_MEDIUM}</arg>
<doc>Pauses the test executed for the given time.</doc>
<status status="NOT RUN" start="2025-04-21T12:47:48.288271" elapsed="0.000353"/>
</kw>
<arg>${locator}</arg>
<status status="FAIL" start="2025-04-21T12:47:47.687066" elapsed="0.602061">Recursive execution stopped.</status>
</kw>
<kw name="Sleep" owner="BuiltIn">
<arg>${DELAY_MEDIUM}</arg>
<doc>Pauses the test executed for the given time.</doc>
<status status="NOT RUN" start="2025-04-21T12:47:48.289697" elapsed="0.000238"/>
</kw>
<arg>${locator}</arg>
<status status="FAIL" start="2025-04-21T12:47:47.685475" elapsed="0.605003">Recursive execution stopped.</status>
</kw>
<kw name="Sleep" owner="BuiltIn">
<arg>${DELAY_MEDIUM}</arg>
<doc>Pauses the test executed for the given time.</doc>
<status status="NOT RUN" start="2025-04-21T12:47:48.291081" elapsed="0.000270"/>
</kw>
<arg>${locator}</arg>
<status status="FAIL" start="2025-04-21T12:47:47.682298" elapsed="0.609556">Recursive execution stopped.</status>
</kw>
<kw name="Sleep" owner="BuiltIn">
<arg>${DELAY_MEDIUM}</arg>
<doc>Pauses the test executed for the given time.</doc>
<status status="NOT RUN" start="2025-04-21T12:47:48.292424" elapsed="0.000256"/>
</kw>
<arg>${locator}</arg>
<status status="FAIL" start="2025-04-21T12:47:47.680683" elapsed="0.612528">Recursive execution stopped.</status>
</kw>
<kw name="Sleep" owner="BuiltIn">
<arg>${DELAY_MEDIUM}</arg>
<doc>Pauses the test executed for the given time.</doc>
<status status="NOT RUN" start="2025-04-21T12:47:48.293737" elapsed="0.000251"/>
</kw>
<arg>${locator}</arg>
<status status="FAIL" start="2025-04-21T12:47:47.680188" elapsed="0.614343">Recursive execution stopped.</status>
</kw>
<kw name="Sleep" owner="BuiltIn">
<arg>${DELAY_MEDIUM}</arg>
<doc>Pauses the test executed for the given time.</doc>
<status status="NOT RUN" start="2025-04-21T12:47:48.295105" elapsed="0.000261"/>
</kw>
<arg>${locator}</arg>
<status status="FAIL" start="2025-04-21T12:47:47.679688" elapsed="0.616249">Recursive execution stopped.</status>
</kw>
<kw name="Sleep" owner="BuiltIn">
<arg>${DELAY_MEDIUM}</arg>
<doc>Pauses the test executed for the given time.</doc>
<status status="NOT RUN" start="2025-04-21T12:47:48.296525" elapsed="0.000282"/>
</kw>
<arg>${locator}</arg>
<status status="FAIL" start="2025-04-21T12:47:47.679166" elapsed="0.618221">Recursive execution stopped.</status>
</kw>
<kw name="Sleep" owner="BuiltIn">
<arg>${DELAY_MEDIUM}</arg>
<doc>Pauses the test executed for the given time.</doc>
<status status="NOT RUN" start="2025-04-21T12:47:48.297973" elapsed="0.000312"/>
</kw>
<arg>${locator}</arg>
<status status="FAIL" start="2025-04-21T12:47:47.678648" elapsed="0.620216">Recursive execution stopped.</status>
</kw>
<kw name="Sleep" owner="BuiltIn">
<arg>${DELAY_MEDIUM}</arg>
<doc>Pauses the test executed for the given time.</doc>
<status status="NOT RUN" start="2025-04-21T12:47:48.302339" elapsed="0.000475"/>
</kw>
<arg>${locator}</arg>
<status status="FAIL" start="2025-04-21T12:47:47.678042" elapsed="0.625803">Recursive execution stopped.</status>
</kw>
<kw name="Sleep" owner="BuiltIn">
<arg>${DELAY_MEDIUM}</arg>
<doc>Pauses the test executed for the given time.</doc>
<status status="NOT RUN" start="2025-04-21T12:47:48.305364" elapsed="0.000537"/>
</kw>
<arg>${locator}</arg>
<status status="FAIL" start="2025-04-21T12:47:47.677467" elapsed="0.629018">Recursive execution stopped.</status>
</kw>
<kw name="Sleep" owner="BuiltIn">
<arg>${DELAY_MEDIUM}</arg>
<doc>Pauses the test executed for the given time.</doc>
<status status="NOT RUN" start="2025-04-21T12:47:48.307034" elapsed="0.000229"/>
</kw>
<arg>${locator}</arg>
<status status="FAIL" start="2025-04-21T12:47:47.676454" elapsed="0.631134">Recursive execution stopped.</status>
</kw>
<kw name="Sleep" owner="BuiltIn">
<arg>${DELAY_MEDIUM}</arg>
<doc>Pauses the test executed for the given time.</doc>
<status status="NOT RUN" start="2025-04-21T12:47:48.308273" elapsed="0.000266"/>
</kw>
<arg>${locator}</arg>
<status status="FAIL" start="2025-04-21T12:47:47.674775" elapsed="0.636791">Recursive execution stopped.</status>
</kw>
<kw name="Sleep" owner="BuiltIn">
<arg>${DELAY_MEDIUM}</arg>
<doc>Pauses the test executed for the given time.</doc>
<status status="NOT RUN" start="2025-04-21T12:47:48.313822" elapsed="0.000474"/>
</kw>
<arg>${locator}</arg>
<status status="FAIL" start="2025-04-21T12:47:47.672188" elapsed="0.642801">Recursive execution stopped.</status>
</kw>
<kw name="Sleep" owner="BuiltIn">
<arg>${DELAY_MEDIUM}</arg>
<doc>Pauses the test executed for the given time.</doc>
<status status="NOT RUN" start="2025-04-21T12:47:48.318467" elapsed="0.000713"/>
</kw>
<arg>${locator}</arg>
<status status="FAIL" start="2025-04-21T12:47:47.665698" elapsed="0.654950">Recursive execution stopped.</status>
</kw>
<kw name="Sleep" owner="BuiltIn">
<arg>${DELAY_MEDIUM}</arg>
<doc>Pauses the test executed for the given time.</doc>
<status status="NOT RUN" start="2025-04-21T12:47:48.321230" elapsed="0.000315"/>
</kw>
<arg>${locator}</arg>
<status status="FAIL" start="2025-04-21T12:47:47.664653" elapsed="0.657403">Recursive execution stopped.</status>
</kw>
<kw name="Sleep" owner="BuiltIn">
<arg>${DELAY_MEDIUM}</arg>
<doc>Pauses the test executed for the given time.</doc>
<status status="NOT RUN" start="2025-04-21T12:47:48.322613" elapsed="0.000264"/>
</kw>
<arg>${locator}</arg>
<status status="FAIL" start="2025-04-21T12:47:47.663565" elapsed="0.659782">Recursive execution stopped.</status>
</kw>
<kw name="Sleep" owner="BuiltIn">
<arg>${DELAY_MEDIUM}</arg>
<doc>Pauses the test executed for the given time.</doc>
<status status="NOT RUN" start="2025-04-21T12:47:48.323835" elapsed="0.000270"/>
</kw>
<arg>${locator}</arg>
<status status="FAIL" start="2025-04-21T12:47:47.662540" elapsed="0.662041">Recursive execution stopped.</status>
</kw>
<kw name="Sleep" owner="BuiltIn">
<arg>${DELAY_MEDIUM}</arg>
<doc>Pauses the test executed for the given time.</doc>
<status status="NOT RUN" start="2025-04-21T12:47:48.325061" elapsed="0.000261"/>
</kw>
<arg>${locator}</arg>
<status status="FAIL" start="2025-04-21T12:47:47.661457" elapsed="0.664315">Recursive execution stopped.</status>
</kw>
<kw name="Sleep" owner="BuiltIn">
<arg>${DELAY_MEDIUM}</arg>
<doc>Pauses the test executed for the given time.</doc>
<status status="NOT RUN" start="2025-04-21T12:47:48.326275" elapsed="0.000254"/>
</kw>
<arg>${locator}</arg>
<status status="FAIL" start="2025-04-21T12:47:47.660184" elapsed="0.666793">Recursive execution stopped.</status>
</kw>
<kw name="Sleep" owner="BuiltIn">
<arg>${DELAY_MEDIUM}</arg>
<doc>Pauses the test executed for the given time.</doc>
<status status="NOT RUN" start="2025-04-21T12:47:48.327497" elapsed="0.000321"/>
</kw>
<arg>${locator}</arg>
<status status="FAIL" start="2025-04-21T12:47:47.659128" elapsed="0.669173">Recursive execution stopped.</status>
</kw>
<kw name="Sleep" owner="BuiltIn">
<arg>${DELAY_MEDIUM}</arg>
<doc>Pauses the test executed for the given time.</doc>
<status status="NOT RUN" start="2025-04-21T12:47:48.328836" elapsed="0.000290"/>
</kw>
<arg>${locator}</arg>
<status status="FAIL" start="2025-04-21T12:47:47.657888" elapsed="0.671739">Recursive execution stopped.</status>
</kw>
<kw name="Sleep" owner="BuiltIn">
<arg>${DELAY_MEDIUM}</arg>
<doc>Pauses the test executed for the given time.</doc>
<status status="NOT RUN" start="2025-04-21T12:47:48.330145" elapsed="0.000276"/>
</kw>
<arg>xpath=//button[@class='absolute-top-right bg-white shadow-lg btn btn-circle btn-icon mr-n3 mt-n3 set-session']</arg>
<status status="FAIL" start="2025-04-21T12:47:47.656582" elapsed="0.674288">Recursive execution stopped.</status>
</kw>
<arg>./data/cmsanhtester.xlsx</arg>
<arg>L_1</arg>
<arg>Login</arg>
<status status="FAIL" start="2025-04-21T12:47:42.032365" elapsed="6.298844">Recursive execution stopped.</status>
</kw>
<status status="FAIL" start="2025-04-21T12:47:42.027018" elapsed="6.315938">Recursive execution stopped.</status>
</test>
<status status="FAIL" start="2025-04-21T12:47:38.795968" elapsed="9.558169"/>
</suite>
<statistics>
<total>
<stat pass="0" fail="1" skip="0">All Tests</stat>
</total>
<tag>
</tag>
<suite>
<stat name="Login" id="s1" pass="0" fail="1" skip="0">Login</stat>
</suite>
</statistics>
<errors>
</errors>
</robot>
